<?xml version="1.0" encoding="utf-8"?><testsuites name="pytest tests"><testsuite name="pytest" errors="0" failures="28" skipped="2" tests="360" time="502.097" timestamp="2026-02-14T00:50:22.559388+00:00" hostname="runnervmjduv7"><testcase classname="tests.integration.modules.test_auth_module.TestQueryAuthAccount" name="test_query_account" time="0.687" /><testcase classname="tests.integration.modules.test_auth_module.TestQueryAuthAccount" name="test_query_account_at_height" time="0.419" /><testcase classname="tests.integration.modules.test_auth_module.TestQueryAuthAccountInfo" name="test_query_account_info" time="0.327" /><testcase classname="tests.integration.modules.test_auth_module.TestQueryAuthAccounts" name="test_query_accounts" time="0.336" /><testcase classname="tests.integration.modules.test_auth_module.TestQueryAuthAccounts" name="test_query_accounts_with_pagination" time="0.381" /><testcase classname="tests.integration.modules.test_auth_module.TestQueryAuthAddressConversion" name="test_query_address_by_acc_num" time="0.380" /><testcase classname="tests.integration.modules.test_auth_module.TestQueryAuthAddressConversion" name="test_query_address_string_to_bytes" time="0.373" /><testcase classname="tests.integration.modules.test_auth_module.TestQueryAuthAddressConversion" name="test_query_address_bytes_to_string" time="0.669" /><testcase classname="tests.integration.modules.test_auth_module.TestQueryAuthBech32" name="test_query_bech32_prefix" time="0.381" /><testcase classname="tests.integration.modules.test_auth_module.TestQueryAuthModuleAccount" name="test_query_module_account_distribution" time="0.333" /><testcase classname="tests.integration.modules.test_auth_module.TestQueryAuthModuleAccount" name="test_query_module_account_gov" time="0.342" /><testcase classname="tests.integration.modules.test_auth_module.TestQueryAuthModuleAccount" name="test_query_module_accounts_all" time="0.348" /><testcase classname="tests.integration.modules.test_auth_module.TestQueryAuthParams" name="test_query_params" time="0.333" /><testcase classname="tests.integration.modules.test_auth_module.TestQueryAuthParams" name="test_params_values_are_valid" time="0.341" /><testcase classname="tests.integration.modules.test_auth_module.TestAuthIntegration" name="test_account_roundtrip" time="0.679" /><testcase classname="tests.integration.modules.test_auth_module.TestAuthIntegration" name="test_address_conversion_roundtrip" time="0.655" /><testcase classname="tests.integration.modules.test_authz_module.TestQueryGrants" name="test_query_grants" time="1.648" /><testcase classname="tests.integration.modules.test_authz_module.TestQueryGrants" name="test_query_grants_by_granter" time="0.315" /><testcase classname="tests.integration.modules.test_authz_module.TestQueryGrants" name="test_query_grants_by_grantee" time="0.325" /><testcase classname="tests.integration.modules.test_authz_module.TestTxGrant" name="test_grant_send_authorization" time="3.354" /><testcase classname="tests.integration.modules.test_authz_module.TestTxRevoke" name="test_revoke_send_authorization" time="6.707" /><testcase classname="tests.integration.modules.test_authz_module.TestAuthzIntegration" name="test_grant_and_query" time="2.316" /><testcase classname="tests.integration.modules.test_bank_module.TestTxBankSend" name="test_send_basic" time="4.299" /><testcase classname="tests.integration.modules.test_bank_module.TestTxBankSend" name="test_send_with_gas_auto" time="4.069" /><testcase classname="tests.integration.modules.test_bank_module.TestTxBankSend" name="test_send_with_memo" time="3.993" /><testcase classname="tests.integration.modules.test_bank_module.TestTxBankSend" name="test_send_dry_run" time="3.920" /><testcase classname="tests.integration.modules.test_bank_module.TestTxBankSend" name="test_send_with_fee_granter" time="6.883" /><testcase classname="tests.integration.modules.test_bank_module.TestTxBankSend" name="test_send_broadcast_mode_async" time="3.916" /><testcase classname="tests.integration.modules.test_bank_module.TestTxBankSend" name="test_send_generate_only" time="3.940" /><testcase classname="tests.integration.modules.test_bank_module.TestTxBankMultiSend" name="test_multi_send_two_recipients" time="4.631" /><testcase classname="tests.integration.modules.test_bank_module.TestQueryBankBalance" name="test_query_balance_single_denom" time="0.310" /><testcase classname="tests.integration.modules.test_bank_module.TestQueryBankBalance" name="test_query_balance_at_height" time="0.622" /><testcase classname="tests.integration.modules.test_bank_module.TestQueryBankBalances" name="test_query_balances_all" time="0.320" /><testcase classname="tests.integration.modules.test_bank_module.TestQueryBankBalances" name="test_query_balances_with_pagination" time="0.315" /><testcase classname="tests.integration.modules.test_bank_module.TestQueryBankSpendableBalance" name="test_query_spendable_balance_single" time="0.315" /><testcase classname="tests.integration.modules.test_bank_module.TestQueryBankSpendableBalance" name="test_query_spendable_balances_all" time="0.306" /><testcase classname="tests.integration.modules.test_bank_module.TestQueryBankSupply" name="test_query_total_supply" time="0.313" /><testcase classname="tests.integration.modules.test_bank_module.TestQueryBankSupply" name="test_query_total_supply_with_pagination" time="0.308" /><testcase classname="tests.integration.modules.test_bank_module.TestQueryBankSupply" name="test_query_total_supply_of_denom" time="0.323" /><testcase classname="tests.integration.modules.test_bank_module.TestQueryBankMetadata" name="test_query_denom_metadata" time="0.309" /><testcase classname="tests.integration.modules.test_bank_module.TestQueryBankMetadata" name="test_query_denoms_metadata_all" time="0.312" /><testcase classname="tests.integration.modules.test_bank_module.TestQueryBankDenomOwners" name="test_query_denom_owners" time="0.000"><skipped type="pytest.skip" message="denom-owners query not implemented in current Initia version">/home/runner/work/qa-initia-layer1/qa-initia-layer1/tests/integration/modules/test_bank_module.py:923: denom-owners query not implemented in current Initia version</skipped></testcase><testcase classname="tests.integration.modules.test_bank_module.TestQueryBankSendEnabled" name="test_query_send_enabled" time="0.305" /><testcase classname="tests.integration.modules.test_bank_module.TestQueryBankParams" name="test_query_params" time="0.309" /><testcase classname="tests.integration.modules.test_bank_module.TestBankIntegration" name="test_send_and_verify_balance" time="6.605" /><testcase classname="tests.integration.modules.test_bank_module.TestBankIntegration" name="test_supply_consistency" time="3.623" /><testcase classname="tests.integration.modules.test_distribution_module.TestQueryRewards" name="test_query_rewards" time="0.918" /><testcase classname="tests.integration.modules.test_distribution_module.TestQueryCommission" name="test_query_commission" time="0.305" /><testcase classname="tests.integration.modules.test_distribution_module.TestQueryCommunityPool" name="test_query_community_pool" time="0.302" /><testcase classname="tests.integration.modules.test_distribution_module.TestQueryValidatorOutstandingRewards" name="test_query_validator_outstanding_rewards" time="0.312" /><testcase classname="tests.integration.modules.test_distribution_module.TestQuerySlashes" name="test_query_slashes" time="0.320" /><testcase classname="tests.integration.modules.test_distribution_module.TestQueryWithdrawAddress" name="test_query_delegator_withdraw_address" time="0.332" /><testcase classname="tests.integration.modules.test_distribution_module.TestQueryParams" name="test_query_params" time="0.303" /><testcase classname="tests.integration.modules.test_distribution_module.TestTxWithdrawRewards" name="test_withdraw_rewards" time="3.322" /><testcase classname="tests.integration.modules.test_distribution_module.TestTxWithdrawRewards" name="test_withdraw_rewards_with_commission" time="3.327" /><testcase classname="tests.integration.modules.test_distribution_module.TestDistributionIntegration" name="test_withdraw_address_matches_delegator" time="0.310" /><testcase classname="tests.integration.modules.test_feegrant_module.TestQueryGrants" name="test_query_grants_by_granter" time="0.610" /><testcase classname="tests.integration.modules.test_feegrant_module.TestQueryGrants" name="test_query_grants_by_grantee" time="1.249" /><testcase classname="tests.integration.modules.test_feegrant_module.TestTxGrant" name="test_grant_fee_allowance" time="3.325" /><testcase classname="tests.integration.modules.test_feegrant_module.TestFeegrantIntegration" name="test_grant_and_query" time="5.312" /><testcase classname="tests.integration.modules.test_gov_module.TestQueryProposals" name="test_query_proposals" time="0.317" /><testcase classname="tests.integration.modules.test_gov_module.TestQueryProposals" name="test_query_proposals_with_pagination" time="0.303" /><testcase classname="tests.integration.modules.test_gov_module.TestQueryParams" name="test_query_params" time="0.304" /><testcase classname="tests.integration.modules.test_gov_module.TestQueryParams" name="test_query_params_values_valid" time="0.297" /><testcase classname="tests.integration.modules.test_gov_module.TestQueryConstitution" name="test_query_constitution" time="0.304" /><testcase classname="tests.integration.modules.test_gov_module.TestGovTx" name="test_submit_text_proposal" time="3.393" /><testcase classname="tests.integration.modules.test_gov_module.TestQueryVotingParams" name="test_query_voting_period_exists" time="0.301" /><testcase classname="tests.integration.modules.test_gov_module.TestQueryVotingParams" name="test_query_quorum_exists" time="0.301" /><testcase classname="tests.integration.modules.test_gov_module.TestQueryDepositParams" name="test_query_min_deposit_exists" time="0.307" /><testcase classname="tests.integration.modules.test_gov_module.TestQueryDepositParams" name="test_query_deposit_period_exists" time="0.299" /><testcase classname="tests.integration.modules.test_gov_module.TestQueryProposalDetails" name="test_query_nonexistent_proposal" time="0.321" /><testcase classname="tests.integration.modules.test_gov_module.TestQueryProposalDetails" name="test_query_deposits_nonexistent" time="0.311"><failure message="Failed: DID NOT RAISE &lt;class 'RuntimeError'&gt;">tests/integration/modules/test_gov_module.py:559: in test_query_deposits_nonexistent
    with pytest.raises(RuntimeError):
E   Failed: DID NOT RAISE &lt;class 'RuntimeError'&gt;</failure></testcase><testcase classname="tests.integration.modules.test_gov_module.TestQueryProposalDetails" name="test_query_votes_nonexistent" time="0.297"><failure message="Failed: DID NOT RAISE &lt;class 'RuntimeError'&gt;">tests/integration/modules/test_gov_module.py:565: in test_query_votes_nonexistent
    with pytest.raises(RuntimeError):
E   Failed: DID NOT RAISE &lt;class 'RuntimeError'&gt;</failure></testcase><testcase classname="tests.integration.modules.test_gov_module.TestQueryProposalDetails" name="test_query_tally_nonexistent" time="0.289" /><testcase classname="tests.integration.modules.test_gov_module.TestQueryProposalFilters" name="test_query_proposals_by_status_deposit" time="0.306" /><testcase classname="tests.integration.modules.test_gov_module.TestQueryProposalFilters" name="test_query_proposals_by_status_voting" time="0.302" /><testcase classname="tests.integration.modules.test_gov_module.TestQueryProposalFilters" name="test_query_proposals_by_status_passed" time="0.319" /><testcase classname="tests.integration.modules.test_gov_module.TestQueryProposalFilters" name="test_query_proposals_by_status_rejected" time="0.308" /><testcase classname="tests.integration.modules.test_gov_module.TestGovTxExtended" name="test_submit_param_change_proposal" time="3.374" /><testcase classname="tests.integration.modules.test_gov_module.TestGovTxExtended" name="test_vote_options_validation" time="3.335" /><testcase classname="tests.integration.modules.test_gov_module.TestGovIntegration" name="test_params_structure" time="0.309" /><testcase classname="tests.integration.modules.test_gov_module.TestGovIntegration" name="test_proposal_lifecycle_query" time="0.614" /><testcase classname="tests.integration.modules.test_gov_module.TestGovIntegration" name="test_query_all_params_types" time="0.324" /><testcase classname="tests.integration.modules.test_gov_module.TestGovIntegration" name="test_constitution_query" time="0.310" /><testcase classname="tests.integration.modules.test_group_module.TestQueryGroups" name="test_query_groups_by_admin" time="0.609" /><testcase classname="tests.integration.modules.test_group_module.TestQueryGroups" name="test_query_groups_by_member" time="0.311" /><testcase classname="tests.integration.modules.test_group_module.TestQueryGroups" name="test_query_group_policies_by_admin" time="0.298" /><testcase classname="tests.integration.modules.test_group_module.TestQueryGroups" name="test_query_votes_by_voter" time="0.314" /><testcase classname="tests.integration.modules.test_group_module.TestQueryGroupInfo" name="test_query_group_info_nonexistent" time="0.314" /><testcase classname="tests.integration.modules.test_group_module.TestQueryGroupInfo" name="test_query_group_members_nonexistent" time="0.306"><failure message="Failed: DID NOT RAISE &lt;class 'RuntimeError'&gt;">tests/integration/modules/test_group_module.py:238: in test_query_group_members_nonexistent
    with pytest.raises(RuntimeError):
E   Failed: DID NOT RAISE &lt;class 'RuntimeError'&gt;</failure></testcase><testcase classname="tests.integration.modules.test_group_module.TestQueryGroupInfo" name="test_query_group_policies_nonexistent" time="0.312"><failure message="Failed: DID NOT RAISE &lt;class 'RuntimeError'&gt;">tests/integration/modules/test_group_module.py:244: in test_query_group_policies_nonexistent
    with pytest.raises(RuntimeError):
E   Failed: DID NOT RAISE &lt;class 'RuntimeError'&gt;</failure></testcase><testcase classname="tests.integration.modules.test_group_module.TestQueryProposalsAndVotes" name="test_query_proposal_nonexistent" time="0.307" /><testcase classname="tests.integration.modules.test_group_module.TestQueryProposalsAndVotes" name="test_query_votes_by_proposal_nonexistent" time="0.311"><failure message="Failed: DID NOT RAISE &lt;class 'RuntimeError'&gt;">tests/integration/modules/test_group_module.py:260: in test_query_votes_by_proposal_nonexistent
    with pytest.raises(RuntimeError):
E   Failed: DID NOT RAISE &lt;class 'RuntimeError'&gt;</failure></testcase><testcase classname="tests.integration.modules.test_group_module.TestQueryProposalsAndVotes" name="test_query_tally_result_nonexistent" time="0.318" /><testcase classname="tests.integration.modules.test_group_module.TestQueryPolicyInfo" name="test_query_policy_info_invalid" time="0.299" /><testcase classname="tests.integration.modules.test_group_module.TestQueryPolicyInfo" name="test_query_proposals_by_policy_invalid" time="0.292" /><testcase classname="tests.integration.modules.test_group_module.TestGroupTx" name="test_create_group" time="3.356"><failure message="RuntimeError: Command failed: Error: json: cannot unmarshal array into Go value of type struct { Members []group.MemberRequest &quot;json:\&quot;members\&quot;&quot; }&#10;Usage:&#10;  initiad tx group create-group [admin] [metadata] [members-json-file] [flags]&#10;&#10;Examples:&#10;&#10;initiad tx group create-group [admin] [metadata] [members-json-file]&#10;&#10;Where members.json contains:&#10;&#10;{&#10;&#09;&quot;members&quot;: [&#10;&#09;&#09;{&#10;&#09;&#09;&#09;&quot;address&quot;: &quot;addr1&quot;,&#10;&#09;&#09;&#09;&quot;weight&quot;: &quot;1&quot;,&#10;&#09;&#09;&#09;&quot;metadata&quot;: &quot;some metadata&quot;&#10;&#09;&#09;},&#10;&#09;&#09;{&#10;&#09;&#09;&#09;&quot;address&quot;: &quot;addr2&quot;,&#10;&#09;&#09;&#09;&quot;weight&quot;: &quot;1&quot;,&#10;&#09;&#09;&#09;&quot;metadata&quot;: &quot;some metadata&quot;&#10;&#09;&#09;}&#10;&#09;]&#10;}&#10;&#10;Flags:&#10;  -a, --account-number uint      The account number of the signing account (offline mode only)&#10;      --aux                      Generate aux signer data instead of sending a tx&#10;  -b, --broadcast-mode string    Transaction broadcasting mode (sync|async) (default &quot;sync&quot;)&#10;      --chain-id string          The network chain ID&#10;      --dry-run                  ignore the --gas flag and perform a simulation of a transaction, but don't broadcast it (when enabled, the local Keybase is not accessible)&#10;      --fee-granter string       Fee granter grants fees for the transaction&#10;      --fee-payer string         Fee payer pays fees for the transaction instead of deducting from the signer&#10;      --fees string              Fees to pay along with transaction; eg: 10uatom&#10;      --from string              Name or address of private key with which to sign&#10;      --gas string               gas limit to set per-transaction; set to &quot;auto&quot; to calculate sufficient gas automatically. Note: &quot;auto&quot; option doesn't always report accurate results. Set a valid coin value to adjust the result. Can be used instead of &quot;fees&quot;. (default 200000)&#10;      --gas-adjustment float     adjustment factor to be multiplied against the estimate returned by the tx simulation; if the gas limit is set manually this flag is ignored  (default 1)&#10;      --gas-prices string        Gas prices in decimal format to determine the transaction fee (e.g. 0.1uatom)&#10;      --generate-only            Build an unsigned transaction and write it to STDOUT (when enabled, the local Keybase only accessed when providing a key name)&#10;  -h, --help                     help for create-group&#10;      --keyring-backend string   Select keyring's backend (os|file|kwallet|pass|test|memory) (default &quot;os&quot;)&#10;      --keyring-dir string       The client Keyring directory; if omitted, the default 'home' directory will be used&#10;      --ledger                   Use a connected Ledger device&#10;      --node string              &lt;host&gt;:&lt;port&gt; to CometBFT rpc interface for this chain (default &quot;tcp://localhost:26657&quot;)&#10;      --note string              Note to add a description to the transaction (previously --memo)&#10;      --offline                  Offline mode (does not allow any online functionality)&#10;  -o, --output string            Output format (text|json) (default &quot;json&quot;)&#10;  -s, --sequence uint            The sequence number of the signing account (offline mode only)&#10;      --sign-mode string         Choose sign mode (direct|amino-json|direct-aux|textual), this is an advanced feature&#10;      --timeout-height uint      Set a block timeout height to prevent the tx from being committed past a certain height&#10;      --tip string               Tip is the amount that is going to be transferred to the fee payer on the target chain. This flag is only valid when used with --aux, and is ignored if the target chain didn't enable the TipDecorator&#10;  -y, --yes                      Skip tx broadcasting prompt confirmation&#10;&#10;Global Flags:&#10;      --home string         directory for config and data (default &quot;/root/.initia&quot;)&#10;      --log_format string   The logging format (json|plain) (default &quot;plain&quot;)&#10;      --log_level string    The logging level (trace|debug|info|warn|error|fatal|panic|disabled or '*:&lt;level&gt;,&lt;key&gt;:&lt;level&gt;') (default &quot;info&quot;)&#10;      --log_no_color        Disable colored logs&#10;      --trace               print out full stack trace on errors&#10;&#10;json: cannot unmarshal array into Go value of type struct { Members []group.MemberRequest &quot;json:\&quot;members\&quot;&quot; }">tests/integration/modules/test_group_module.py:316: in test_create_group
    result = group_client.create_group("validator", members_file, "Test Group")
             ^^^^^^^^^^^^^^^^^^^^^^^^^^^^^^^^^^^^^^^^^^^^^^^^^^^^^^^^^^^^^^^^^^
tests/integration/modules/test_group_module.py:150: in create_group
    output = self._initiad_command(" ".join(cmd_parts))
             ^^^^^^^^^^^^^^^^^^^^^^^^^^^^^^^^^^^^^^^^^^
tests/integration/modules/test_group_module.py:56: in _initiad_command
    return self._exec_command(cmd)
           ^^^^^^^^^^^^^^^^^^^^^^^
tests/integration/modules/test_group_module.py:49: in _exec_command
    raise RuntimeError(f"Command failed: {result.stderr}")
E   RuntimeError: Command failed: Error: json: cannot unmarshal array into Go value of type struct { Members []group.MemberRequest "json:\"members\"" }
E   Usage:
E     initiad tx group create-group [admin] [metadata] [members-json-file] [flags]
E   
E   Examples:
E   
E   initiad tx group create-group [admin] [metadata] [members-json-file]
E   
E   Where members.json contains:
E   
E   {
E   	"members": [
E   		{
E   			"address": "addr1",
E   			"weight": "1",
E   			"metadata": "some metadata"
E   		},
E   		{
E   			"address": "addr2",
E   			"weight": "1",
E   			"metadata": "some metadata"
E   		}
E   	]
E   }
E   
E   Flags:
E     -a, --account-number uint      The account number of the signing account (offline mode only)
E         --aux                      Generate aux signer data instead of sending a tx
E     -b, --broadcast-mode string    Transaction broadcasting mode (sync|async) (default "sync")
E         --chain-id string          The network chain ID
E         --dry-run                  ignore the --gas flag and perform a simulation of a transaction, but don't broadcast it (when enabled, the local Keybase is not accessible)
E         --fee-granter string       Fee granter grants fees for the transaction
E         --fee-payer string         Fee payer pays fees for the transaction instead of deducting from the signer
E         --fees string              Fees to pay along with transaction; eg: 10uatom
E         --from string              Name or address of private key with which to sign
E         --gas string               gas limit to set per-transaction; set to "auto" to calculate sufficient gas automatically. Note: "auto" option doesn't always report accurate results. Set a valid coin value to adjust the result. Can be used instead of "fees". (default 200000)
E         --gas-adjustment float     adjustment factor to be multiplied against the estimate returned by the tx simulation; if the gas limit is set manually this flag is ignored  (default 1)
E         --gas-prices string        Gas prices in decimal format to determine the transaction fee (e.g. 0.1uatom)
E         --generate-only            Build an unsigned transaction and write it to STDOUT (when enabled, the local Keybase only accessed when providing a key name)
E     -h, --help                     help for create-group
E         --keyring-backend string   Select keyring's backend (os|file|kwallet|pass|test|memory) (default "os")
E         --keyring-dir string       The client Keyring directory; if omitted, the default 'home' directory will be used
E         --ledger                   Use a connected Ledger device
E         --node string              &lt;host&gt;:&lt;port&gt; to CometBFT rpc interface for this chain (default "tcp://localhost:26657")
E         --note string              Note to add a description to the transaction (previously --memo)
E         --offline                  Offline mode (does not allow any online functionality)
E     -o, --output string            Output format (text|json) (default "json")
E     -s, --sequence uint            The sequence number of the signing account (offline mode only)
E         --sign-mode string         Choose sign mode (direct|amino-json|direct-aux|textual), this is an advanced feature
E         --timeout-height uint      Set a block timeout height to prevent the tx from being committed past a certain height
E         --tip string               Tip is the amount that is going to be transferred to the fee payer on the target chain. This flag is only valid when used with --aux, and is ignored if the target chain didn't enable the TipDecorator
E     -y, --yes                      Skip tx broadcasting prompt confirmation
E   
E   Global Flags:
E         --home string         directory for config and data (default "/root/.initia")
E         --log_format string   The logging format (json|plain) (default "plain")
E         --log_level string    The logging level (trace|debug|info|warn|error|fatal|panic|disabled or '*:&lt;level&gt;,&lt;key&gt;:&lt;level&gt;') (default "info")
E         --log_no_color        Disable colored logs
E         --trace               print out full stack trace on errors
E   
E   json: cannot unmarshal array into Go value of type struct { Members []group.MemberRequest "json:\"members\"" }</failure></testcase><testcase classname="tests.integration.modules.test_group_module.TestGroupTx" name="test_create_group_with_multiple_members" time="4.005"><failure message="RuntimeError: Command failed: Error: json: cannot unmarshal array into Go value of type struct { Members []group.MemberRequest &quot;json:\&quot;members\&quot;&quot; }&#10;Usage:&#10;  initiad tx group create-group [admin] [metadata] [members-json-file] [flags]&#10;&#10;Examples:&#10;&#10;initiad tx group create-group [admin] [metadata] [members-json-file]&#10;&#10;Where members.json contains:&#10;&#10;{&#10;&#09;&quot;members&quot;: [&#10;&#09;&#09;{&#10;&#09;&#09;&#09;&quot;address&quot;: &quot;addr1&quot;,&#10;&#09;&#09;&#09;&quot;weight&quot;: &quot;1&quot;,&#10;&#09;&#09;&#09;&quot;metadata&quot;: &quot;some metadata&quot;&#10;&#09;&#09;},&#10;&#09;&#09;{&#10;&#09;&#09;&#09;&quot;address&quot;: &quot;addr2&quot;,&#10;&#09;&#09;&#09;&quot;weight&quot;: &quot;1&quot;,&#10;&#09;&#09;&#09;&quot;metadata&quot;: &quot;some metadata&quot;&#10;&#09;&#09;}&#10;&#09;]&#10;}&#10;&#10;Flags:&#10;  -a, --account-number uint      The account number of the signing account (offline mode only)&#10;      --aux                      Generate aux signer data instead of sending a tx&#10;  -b, --broadcast-mode string    Transaction broadcasting mode (sync|async) (default &quot;sync&quot;)&#10;      --chain-id string          The network chain ID&#10;      --dry-run                  ignore the --gas flag and perform a simulation of a transaction, but don't broadcast it (when enabled, the local Keybase is not accessible)&#10;      --fee-granter string       Fee granter grants fees for the transaction&#10;      --fee-payer string         Fee payer pays fees for the transaction instead of deducting from the signer&#10;      --fees string              Fees to pay along with transaction; eg: 10uatom&#10;      --from string              Name or address of private key with which to sign&#10;      --gas string               gas limit to set per-transaction; set to &quot;auto&quot; to calculate sufficient gas automatically. Note: &quot;auto&quot; option doesn't always report accurate results. Set a valid coin value to adjust the result. Can be used instead of &quot;fees&quot;. (default 200000)&#10;      --gas-adjustment float     adjustment factor to be multiplied against the estimate returned by the tx simulation; if the gas limit is set manually this flag is ignored  (default 1)&#10;      --gas-prices string        Gas prices in decimal format to determine the transaction fee (e.g. 0.1uatom)&#10;      --generate-only            Build an unsigned transaction and write it to STDOUT (when enabled, the local Keybase only accessed when providing a key name)&#10;  -h, --help                     help for create-group&#10;      --keyring-backend string   Select keyring's backend (os|file|kwallet|pass|test|memory) (default &quot;os&quot;)&#10;      --keyring-dir string       The client Keyring directory; if omitted, the default 'home' directory will be used&#10;      --ledger                   Use a connected Ledger device&#10;      --node string              &lt;host&gt;:&lt;port&gt; to CometBFT rpc interface for this chain (default &quot;tcp://localhost:26657&quot;)&#10;      --note string              Note to add a description to the transaction (previously --memo)&#10;      --offline                  Offline mode (does not allow any online functionality)&#10;  -o, --output string            Output format (text|json) (default &quot;json&quot;)&#10;  -s, --sequence uint            The sequence number of the signing account (offline mode only)&#10;      --sign-mode string         Choose sign mode (direct|amino-json|direct-aux|textual), this is an advanced feature&#10;      --timeout-height uint      Set a block timeout height to prevent the tx from being committed past a certain height&#10;      --tip string               Tip is the amount that is going to be transferred to the fee payer on the target chain. This flag is only valid when used with --aux, and is ignored if the target chain didn't enable the TipDecorator&#10;  -y, --yes                      Skip tx broadcasting prompt confirmation&#10;&#10;Global Flags:&#10;      --home string         directory for config and data (default &quot;/root/.initia&quot;)&#10;      --log_format string   The logging format (json|plain) (default &quot;plain&quot;)&#10;      --log_level string    The logging level (trace|debug|info|warn|error|fatal|panic|disabled or '*:&lt;level&gt;,&lt;key&gt;:&lt;level&gt;') (default &quot;info&quot;)&#10;      --log_no_color        Disable colored logs&#10;      --trace               print out full stack trace on errors&#10;&#10;json: cannot unmarshal array into Go value of type struct { Members []group.MemberRequest &quot;json:\&quot;members\&quot;&quot; }">tests/integration/modules/test_group_module.py:353: in test_create_group_with_multiple_members
    result = group_client.create_group("validator", members_file, "Multi-Member Group")
             ^^^^^^^^^^^^^^^^^^^^^^^^^^^^^^^^^^^^^^^^^^^^^^^^^^^^^^^^^^^^^^^^^^^^^^^^^^
tests/integration/modules/test_group_module.py:150: in create_group
    output = self._initiad_command(" ".join(cmd_parts))
             ^^^^^^^^^^^^^^^^^^^^^^^^^^^^^^^^^^^^^^^^^^
tests/integration/modules/test_group_module.py:56: in _initiad_command
    return self._exec_command(cmd)
           ^^^^^^^^^^^^^^^^^^^^^^^
tests/integration/modules/test_group_module.py:49: in _exec_command
    raise RuntimeError(f"Command failed: {result.stderr}")
E   RuntimeError: Command failed: Error: json: cannot unmarshal array into Go value of type struct { Members []group.MemberRequest "json:\"members\"" }
E   Usage:
E     initiad tx group create-group [admin] [metadata] [members-json-file] [flags]
E   
E   Examples:
E   
E   initiad tx group create-group [admin] [metadata] [members-json-file]
E   
E   Where members.json contains:
E   
E   {
E   	"members": [
E   		{
E   			"address": "addr1",
E   			"weight": "1",
E   			"metadata": "some metadata"
E   		},
E   		{
E   			"address": "addr2",
E   			"weight": "1",
E   			"metadata": "some metadata"
E   		}
E   	]
E   }
E   
E   Flags:
E     -a, --account-number uint      The account number of the signing account (offline mode only)
E         --aux                      Generate aux signer data instead of sending a tx
E     -b, --broadcast-mode string    Transaction broadcasting mode (sync|async) (default "sync")
E         --chain-id string          The network chain ID
E         --dry-run                  ignore the --gas flag and perform a simulation of a transaction, but don't broadcast it (when enabled, the local Keybase is not accessible)
E         --fee-granter string       Fee granter grants fees for the transaction
E         --fee-payer string         Fee payer pays fees for the transaction instead of deducting from the signer
E         --fees string              Fees to pay along with transaction; eg: 10uatom
E         --from string              Name or address of private key with which to sign
E         --gas string               gas limit to set per-transaction; set to "auto" to calculate sufficient gas automatically. Note: "auto" option doesn't always report accurate results. Set a valid coin value to adjust the result. Can be used instead of "fees". (default 200000)
E         --gas-adjustment float     adjustment factor to be multiplied against the estimate returned by the tx simulation; if the gas limit is set manually this flag is ignored  (default 1)
E         --gas-prices string        Gas prices in decimal format to determine the transaction fee (e.g. 0.1uatom)
E         --generate-only            Build an unsigned transaction and write it to STDOUT (when enabled, the local Keybase only accessed when providing a key name)
E     -h, --help                     help for create-group
E         --keyring-backend string   Select keyring's backend (os|file|kwallet|pass|test|memory) (default "os")
E         --keyring-dir string       The client Keyring directory; if omitted, the default 'home' directory will be used
E         --ledger                   Use a connected Ledger device
E         --node string              &lt;host&gt;:&lt;port&gt; to CometBFT rpc interface for this chain (default "tcp://localhost:26657")
E         --note string              Note to add a description to the transaction (previously --memo)
E         --offline                  Offline mode (does not allow any online functionality)
E     -o, --output string            Output format (text|json) (default "json")
E     -s, --sequence uint            The sequence number of the signing account (offline mode only)
E         --sign-mode string         Choose sign mode (direct|amino-json|direct-aux|textual), this is an advanced feature
E         --timeout-height uint      Set a block timeout height to prevent the tx from being committed past a certain height
E         --tip string               Tip is the amount that is going to be transferred to the fee payer on the target chain. This flag is only valid when used with --aux, and is ignored if the target chain didn't enable the TipDecorator
E     -y, --yes                      Skip tx broadcasting prompt confirmation
E   
E   Global Flags:
E         --home string         directory for config and data (default "/root/.initia")
E         --log_format string   The logging format (json|plain) (default "plain")
E         --log_level string    The logging level (trace|debug|info|warn|error|fatal|panic|disabled or '*:&lt;level&gt;,&lt;key&gt;:&lt;level&gt;') (default "info")
E         --log_no_color        Disable colored logs
E         --trace               print out full stack trace on errors
E   
E   json: cannot unmarshal array into Go value of type struct { Members []group.MemberRequest "json:\"members\"" }</failure></testcase><testcase classname="tests.integration.modules.test_group_module.TestGroupLifecycle" name="test_group_creation_and_query" time="3.404"><failure message="RuntimeError: Command failed: Error: json: cannot unmarshal array into Go value of type struct { Members []group.MemberRequest &quot;json:\&quot;members\&quot;&quot; }&#10;Usage:&#10;  initiad tx group create-group [admin] [metadata] [members-json-file] [flags]&#10;&#10;Examples:&#10;&#10;initiad tx group create-group [admin] [metadata] [members-json-file]&#10;&#10;Where members.json contains:&#10;&#10;{&#10;&#09;&quot;members&quot;: [&#10;&#09;&#09;{&#10;&#09;&#09;&#09;&quot;address&quot;: &quot;addr1&quot;,&#10;&#09;&#09;&#09;&quot;weight&quot;: &quot;1&quot;,&#10;&#09;&#09;&#09;&quot;metadata&quot;: &quot;some metadata&quot;&#10;&#09;&#09;},&#10;&#09;&#09;{&#10;&#09;&#09;&#09;&quot;address&quot;: &quot;addr2&quot;,&#10;&#09;&#09;&#09;&quot;weight&quot;: &quot;1&quot;,&#10;&#09;&#09;&#09;&quot;metadata&quot;: &quot;some metadata&quot;&#10;&#09;&#09;}&#10;&#09;]&#10;}&#10;&#10;Flags:&#10;  -a, --account-number uint      The account number of the signing account (offline mode only)&#10;      --aux                      Generate aux signer data instead of sending a tx&#10;  -b, --broadcast-mode string    Transaction broadcasting mode (sync|async) (default &quot;sync&quot;)&#10;      --chain-id string          The network chain ID&#10;      --dry-run                  ignore the --gas flag and perform a simulation of a transaction, but don't broadcast it (when enabled, the local Keybase is not accessible)&#10;      --fee-granter string       Fee granter grants fees for the transaction&#10;      --fee-payer string         Fee payer pays fees for the transaction instead of deducting from the signer&#10;      --fees string              Fees to pay along with transaction; eg: 10uatom&#10;      --from string              Name or address of private key with which to sign&#10;      --gas string               gas limit to set per-transaction; set to &quot;auto&quot; to calculate sufficient gas automatically. Note: &quot;auto&quot; option doesn't always report accurate results. Set a valid coin value to adjust the result. Can be used instead of &quot;fees&quot;. (default 200000)&#10;      --gas-adjustment float     adjustment factor to be multiplied against the estimate returned by the tx simulation; if the gas limit is set manually this flag is ignored  (default 1)&#10;      --gas-prices string        Gas prices in decimal format to determine the transaction fee (e.g. 0.1uatom)&#10;      --generate-only            Build an unsigned transaction and write it to STDOUT (when enabled, the local Keybase only accessed when providing a key name)&#10;  -h, --help                     help for create-group&#10;      --keyring-backend string   Select keyring's backend (os|file|kwallet|pass|test|memory) (default &quot;os&quot;)&#10;      --keyring-dir string       The client Keyring directory; if omitted, the default 'home' directory will be used&#10;      --ledger                   Use a connected Ledger device&#10;      --node string              &lt;host&gt;:&lt;port&gt; to CometBFT rpc interface for this chain (default &quot;tcp://localhost:26657&quot;)&#10;      --note string              Note to add a description to the transaction (previously --memo)&#10;      --offline                  Offline mode (does not allow any online functionality)&#10;  -o, --output string            Output format (text|json) (default &quot;json&quot;)&#10;  -s, --sequence uint            The sequence number of the signing account (offline mode only)&#10;      --sign-mode string         Choose sign mode (direct|amino-json|direct-aux|textual), this is an advanced feature&#10;      --timeout-height uint      Set a block timeout height to prevent the tx from being committed past a certain height&#10;      --tip string               Tip is the amount that is going to be transferred to the fee payer on the target chain. This flag is only valid when used with --aux, and is ignored if the target chain didn't enable the TipDecorator&#10;  -y, --yes                      Skip tx broadcasting prompt confirmation&#10;&#10;Global Flags:&#10;      --home string         directory for config and data (default &quot;/root/.initia&quot;)&#10;      --log_format string   The logging format (json|plain) (default &quot;plain&quot;)&#10;      --log_level string    The logging level (trace|debug|info|warn|error|fatal|panic|disabled or '*:&lt;level&gt;,&lt;key&gt;:&lt;level&gt;') (default &quot;info&quot;)&#10;      --log_no_color        Disable colored logs&#10;      --trace               print out full stack trace on errors&#10;&#10;json: cannot unmarshal array into Go value of type struct { Members []group.MemberRequest &quot;json:\&quot;members\&quot;&quot; }">tests/integration/modules/test_group_module.py:389: in test_group_creation_and_query
    result = group_client.create_group("validator", members_file, "Lifecycle Test Group")
             ^^^^^^^^^^^^^^^^^^^^^^^^^^^^^^^^^^^^^^^^^^^^^^^^^^^^^^^^^^^^^^^^^^^^^^^^^^^^
tests/integration/modules/test_group_module.py:150: in create_group
    output = self._initiad_command(" ".join(cmd_parts))
             ^^^^^^^^^^^^^^^^^^^^^^^^^^^^^^^^^^^^^^^^^^
tests/integration/modules/test_group_module.py:56: in _initiad_command
    return self._exec_command(cmd)
           ^^^^^^^^^^^^^^^^^^^^^^^
tests/integration/modules/test_group_module.py:49: in _exec_command
    raise RuntimeError(f"Command failed: {result.stderr}")
E   RuntimeError: Command failed: Error: json: cannot unmarshal array into Go value of type struct { Members []group.MemberRequest "json:\"members\"" }
E   Usage:
E     initiad tx group create-group [admin] [metadata] [members-json-file] [flags]
E   
E   Examples:
E   
E   initiad tx group create-group [admin] [metadata] [members-json-file]
E   
E   Where members.json contains:
E   
E   {
E   	"members": [
E   		{
E   			"address": "addr1",
E   			"weight": "1",
E   			"metadata": "some metadata"
E   		},
E   		{
E   			"address": "addr2",
E   			"weight": "1",
E   			"metadata": "some metadata"
E   		}
E   	]
E   }
E   
E   Flags:
E     -a, --account-number uint      The account number of the signing account (offline mode only)
E         --aux                      Generate aux signer data instead of sending a tx
E     -b, --broadcast-mode string    Transaction broadcasting mode (sync|async) (default "sync")
E         --chain-id string          The network chain ID
E         --dry-run                  ignore the --gas flag and perform a simulation of a transaction, but don't broadcast it (when enabled, the local Keybase is not accessible)
E         --fee-granter string       Fee granter grants fees for the transaction
E         --fee-payer string         Fee payer pays fees for the transaction instead of deducting from the signer
E         --fees string              Fees to pay along with transaction; eg: 10uatom
E         --from string              Name or address of private key with which to sign
E         --gas string               gas limit to set per-transaction; set to "auto" to calculate sufficient gas automatically. Note: "auto" option doesn't always report accurate results. Set a valid coin value to adjust the result. Can be used instead of "fees". (default 200000)
E         --gas-adjustment float     adjustment factor to be multiplied against the estimate returned by the tx simulation; if the gas limit is set manually this flag is ignored  (default 1)
E         --gas-prices string        Gas prices in decimal format to determine the transaction fee (e.g. 0.1uatom)
E         --generate-only            Build an unsigned transaction and write it to STDOUT (when enabled, the local Keybase only accessed when providing a key name)
E     -h, --help                     help for create-group
E         --keyring-backend string   Select keyring's backend (os|file|kwallet|pass|test|memory) (default "os")
E         --keyring-dir string       The client Keyring directory; if omitted, the default 'home' directory will be used
E         --ledger                   Use a connected Ledger device
E         --node string              &lt;host&gt;:&lt;port&gt; to CometBFT rpc interface for this chain (default "tcp://localhost:26657")
E         --note string              Note to add a description to the transaction (previously --memo)
E         --offline                  Offline mode (does not allow any online functionality)
E     -o, --output string            Output format (text|json) (default "json")
E     -s, --sequence uint            The sequence number of the signing account (offline mode only)
E         --sign-mode string         Choose sign mode (direct|amino-json|direct-aux|textual), this is an advanced feature
E         --timeout-height uint      Set a block timeout height to prevent the tx from being committed past a certain height
E         --tip string               Tip is the amount that is going to be transferred to the fee payer on the target chain. This flag is only valid when used with --aux, and is ignored if the target chain didn't enable the TipDecorator
E     -y, --yes                      Skip tx broadcasting prompt confirmation
E   
E   Global Flags:
E         --home string         directory for config and data (default "/root/.initia")
E         --log_format string   The logging format (json|plain) (default "plain")
E         --log_level string    The logging level (trace|debug|info|warn|error|fatal|panic|disabled or '*:&lt;level&gt;,&lt;key&gt;:&lt;level&gt;') (default "info")
E         --log_no_color        Disable colored logs
E         --trace               print out full stack trace on errors
E   
E   json: cannot unmarshal array into Go value of type struct { Members []group.MemberRequest "json:\"members\"" }</failure></testcase><testcase classname="tests.integration.modules.test_group_module.TestGroupIntegration" name="test_groups_query_structure" time="0.309" /><testcase classname="tests.integration.modules.test_group_module.TestGroupIntegration" name="test_groups_by_member_structure" time="0.351" /><testcase classname="tests.integration.modules.test_group_module.TestGroupIntegration" name="test_policies_by_admin_structure" time="0.307" /><testcase classname="tests.integration.modules.test_group_module.TestGroupIntegration" name="test_votes_by_voter_structure" time="0.303" /><testcase classname="tests.integration.modules.test_keys_module.TestKeysList" name="test_list_keys" time="0.337" /><testcase classname="tests.integration.modules.test_keys_module.TestKeysShow" name="test_show_key" time="0.309" /><testcase classname="tests.integration.modules.test_keys_module.TestKeysShow" name="test_show_key_address_only" time="0.308" /><testcase classname="tests.integration.modules.test_keys_module.TestKeysShow" name="test_show_key_pubkey_only" time="0.309" /><testcase classname="tests.integration.modules.test_keys_module.TestKeysShow" name="test_show_key_bech_val" time="0.317" /><testcase classname="tests.integration.modules.test_keys_module.TestKeysShow" name="test_show_key_bech_cons" time="0.308" /><testcase classname="tests.integration.modules.test_keys_module.TestKeysAdd" name="test_add_key" time="1.238" /><testcase classname="tests.integration.modules.test_keys_module.TestKeysDelete" name="test_delete_key" time="0.955" /><testcase classname="tests.integration.modules.test_keys_module.TestKeysRename" name="test_rename_key" time="2.433" /><testcase classname="tests.integration.modules.test_keys_module.TestKeysParse" name="test_parse_address" time="0.598" /><testcase classname="tests.integration.modules.test_keys_module.TestKeysMnemonic" name="test_generate_mnemonic" time="0.322" /><testcase classname="tests.integration.modules.test_keys_module.TestKeysIntegration" name="test_key_lifecycle" time="2.933" /><testcase classname="tests.integration.modules.test_move_module.TestQueryMoveParams" name="test_query_params" time="0.289" /><testcase classname="tests.integration.modules.test_move_module.TestQueryMoveParams" name="test_query_params_script_enabled" time="0.302" /><testcase classname="tests.integration.modules.test_move_module.TestQueryMoveModules" name="test_query_modules_by_address" time="0.622" /><testcase classname="tests.integration.modules.test_move_module.TestQueryMoveResources" name="test_query_resources_by_address" time="0.301" /><testcase classname="tests.integration.modules.test_move_module.TestQueryMoveResources" name="test_query_table_entries" time="0.302" /><testcase classname="tests.integration.modules.test_move_module.TestQueryMoveDenom" name="test_query_metadata" time="0.306" /><testcase classname="tests.integration.modules.test_move_module.TestMoveIntegration" name="test_move_params_structure" time="0.307" /><testcase classname="tests.integration.modules.test_mstaking_module.TestQueryValidators" name="test_query_validators" time="0.309" /><testcase classname="tests.integration.modules.test_mstaking_module.TestQueryValidators" name="test_query_validators_with_limit" time="0.299" /><testcase classname="tests.integration.modules.test_mstaking_module.TestQueryValidators" name="test_query_validators_with_pagination" time="0.316" /><testcase classname="tests.integration.modules.test_mstaking_module.TestQueryValidator" name="test_query_validator" time="0.607" /><testcase classname="tests.integration.modules.test_mstaking_module.TestQueryDelegations" name="test_query_delegations" time="0.608" /><testcase classname="tests.integration.modules.test_mstaking_module.TestQueryDelegations" name="test_query_delegation_specific" time="0.303" /><testcase classname="tests.integration.modules.test_mstaking_module.TestQueryDelegationsTo" name="test_query_delegations_to" time="0.316" /><testcase classname="tests.integration.modules.test_mstaking_module.TestQueryUnbonding" name="test_query_unbonding_delegations" time="0.309" /><testcase classname="tests.integration.modules.test_mstaking_module.TestQueryRedelegations" name="test_query_redelegations" time="0.290" /><testcase classname="tests.integration.modules.test_mstaking_module.TestQueryPool" name="test_query_pool" time="0.323" /><testcase classname="tests.integration.modules.test_mstaking_module.TestQueryParams" name="test_query_params" time="0.301" /><testcase classname="tests.integration.modules.test_mstaking_module.TestQueryParams" name="test_params_values_valid" time="0.305" /><testcase classname="tests.integration.modules.test_mstaking_module.TestTxDelegate" name="test_delegate" time="3.374" /><testcase classname="tests.integration.modules.test_mstaking_module.TestMstakingIntegration" name="test_validator_has_delegations" time="0.300" /><testcase classname="tests.integration.modules.test_mstaking_module.TestMstakingIntegration" name="test_pool_matches_validators" time="0.601" /><testcase classname="tests.integration.modules.test_negative_bank.TestInvalidAddresses" name="test_query_balance_invalid_address" time="0.305" /><testcase classname="tests.integration.modules.test_negative_bank.TestInvalidAddresses" name="test_query_balance_empty_address" time="0.302" /><testcase classname="tests.integration.modules.test_negative_bank.TestInvalidAddresses" name="test_query_balances_invalid_address" time="0.305" /><testcase classname="tests.integration.modules.test_negative_bank.TestInvalidAddresses" name="test_send_to_invalid_address" time="0.305" /><testcase classname="tests.integration.modules.test_negative_bank.TestInvalidAddresses" name="test_send_from_nonexistent_key" time="0.599" /><testcase classname="tests.integration.modules.test_negative_bank.TestInsufficientBalance" name="test_send_more_than_balance" time="0.928"><failure message="assert ('insufficient' in 'command failed: error: rpc error: code = notfound desc = rpc error: code = notfound desc = account init10z99cmm8fwk9gn4lelzu4y3reqehrywdpw07xd not found: key not found\nusage:\n  initiad tx bank send [from_key_or_address] [to_address] [amount] [flags]\n\nflags:\n  -a, --account-number uint      the account number of the signing account (offline mode only)\n      --aux                      generate aux signer data instead of sending a tx\n  -b, --broadcast-mode string    transaction broadcasting mode (sync|async) (default &quot;sync&quot;)\n      --chain-id string          the network chain id\n      --dry-run                  ignore the --gas flag and perform a simulation of a transaction, but don\'t broadcast it (when enabled, the local keybase is not accessible)\n      --fee-granter string       fee granter grants fees for the transaction\n      --fee-payer string         fee payer pays fees for the transaction instead of deducting from the signer\n      --fees string              fees to pay along with transaction; eg: 10uatom\n      --from string              name or address of private key with which to sign\n      --gas string               gas limit to set per-transaction; set to &quot;auto&quot; to calculate sufficient gas automatically. note: &quot;auto&quot; option doesn\'t always report accurate results. set a valid coin value to adjust the result. can be used instead of &quot;fees&quot;. (default 200000)\n      --gas-adjustment float     adjustment factor to be multiplied against the estimate returned by the tx simulation; if the gas limit is set manually this flag is ignored  (default 1)\n      --gas-prices string        gas prices in decimal format to determine the transaction fee (e.g. 0.1uatom)\n      --generate-only            build an unsigned transaction and write it to stdout (when enabled, the local keybase only accessed when providing a key name)\n  -h, --help                     help for send\n      --keyring-backend string   select keyring\'s backend (os|file|kwallet|pass|test|memory) (default &quot;os&quot;)\n      --keyring-dir string       the client keyring directory; if omitted, the default \'home\' directory will be used\n      --ledger                   use a connected ledger device\n      --node string              &lt;host&gt;:&lt;port&gt; to cometbft rpc interface for this chain (default &quot;tcp://localhost:26657&quot;)\n      --note string              note to add a description to the transaction (previously --memo)\n      --offline                  offline mode (does not allow any online functionality)\n  -o, --output string            output format (text|json) (default &quot;json&quot;)\n  -s, --sequence uint            the sequence number of the signing account (offline mode only)\n      --sign-mode string         choose sign mode (direct|amino-json|direct-aux|textual), this is an advanced feature\n      --timeout-height uint      set a block timeout height to prevent the tx from being committed past a certain height\n      --tip string               tip is the amount that is going to be transferred to the fee payer on the target chain. this flag is only valid when used with --aux, and is ignored if the target chain didn\'t enable the tipdecorator\n  -y, --yes                      skip tx broadcasting prompt confirmation\n\nglobal flags:\n      --home string         directory for config and data (default &quot;/root/.initia&quot;)\n      --log_format string   the logging format (json|plain) (default &quot;plain&quot;)\n      --log_level string    the logging level (trace|debug|info|warn|error|fatal|panic|disabled or \'*:&lt;level&gt;,&lt;key&gt;:&lt;level&gt;\') (default &quot;info&quot;)\n      --log_no_color        disable colored logs\n      --trace               print out full stack trace on errors\n\nrpc error: code = notfound desc = rpc error: code = notfound desc = account init10z99cmm8fwk9gn4lelzu4y3reqehrywdpw07xd not found: key not found\n' or 'spendable balance' in 'command failed: error: rpc error: code = notfound desc = rpc error: code = notfound desc = account init10z99cmm8fwk9gn4lelzu4y3reqehrywdpw07xd not found: key not found\nusage:\n  initiad tx bank send [from_key_or_address] [to_address] [amount] [flags]\n\nflags:\n  -a, --account-number uint      the account number of the signing account (offline mode only)\n      --aux                      generate aux signer data instead of sending a tx\n  -b, --broadcast-mode string    transaction broadcasting mode (sync|async) (default &quot;sync&quot;)\n      --chain-id string          the network chain id\n      --dry-run                  ignore the --gas flag and perform a simulation of a transaction, but don\'t broadcast it (when enabled, the local keybase is not accessible)\n      --fee-granter string       fee granter grants fees for the transaction\n      --fee-payer string         fee payer pays fees for the transaction instead of deducting from the signer\n      --fees string              fees to pay along with transaction; eg: 10uatom\n      --from string              name or address of private key with which to sign\n      --gas string               gas limit to set per-transaction; set to &quot;auto&quot; to calculate sufficient gas automatically. note: &quot;auto&quot; option doesn\'t always report accurate results. set a valid coin value to adjust the result. can be used instead of &quot;fees&quot;. (default 200000)\n      --gas-adjustment float     adjustment factor to be multiplied against the estimate returned by the tx simulation; if the gas limit is set manually this flag is ignored  (default 1)\n      --gas-prices string        gas prices in decimal format to determine the transaction fee (e.g. 0.1uatom)\n      --generate-only            build an unsigned transaction and write it to stdout (when enabled, the local keybase only accessed when providing a key name)\n  -h, --help                     help for send\n      --keyring-backend string   select keyring\'s backend (os|file|kwallet|pass|test|memory) (default &quot;os&quot;)\n      --keyring-dir string       the client keyring directory; if omitted, the default \'home\' directory will be used\n      --ledger                   use a connected ledger device\n      --node string              &lt;host&gt;:&lt;port&gt; to cometbft rpc interface for this chain (default &quot;tcp://localhost:26657&quot;)\n      --note string              note to add a description to the transaction (previously --memo)\n      --offline                  offline mode (does not allow any online functionality)\n  -o, --output string            output format (text|json) (default &quot;json&quot;)\n  -s, --sequence uint            the sequence number of the signing account (offline mode only)\n      --sign-mode string         choose sign mode (direct|amino-json|direct-aux|textual), this is an advanced feature\n      --timeout-height uint      set a block timeout height to prevent the tx from being committed past a certain height\n      --tip string               tip is the amount that is going to be transferred to the fee payer on the target chain. this flag is only valid when used with --aux, and is ignored if the target chain didn\'t enable the tipdecorator\n  -y, --yes                      skip tx broadcasting prompt confirmation\n\nglobal flags:\n      --home string         directory for config and data (default &quot;/root/.initia&quot;)\n      --log_format string   the logging format (json|plain) (default &quot;plain&quot;)\n      --log_level string    the logging level (trace|debug|info|warn|error|fatal|panic|disabled or \'*:&lt;level&gt;,&lt;key&gt;:&lt;level&gt;\') (default &quot;info&quot;)\n      --log_no_color        disable colored logs\n      --trace               print out full stack trace on errors\n\nrpc error: code = notfound desc = rpc error: code = notfound desc = account init10z99cmm8fwk9gn4lelzu4y3reqehrywdpw07xd not found: key not found\n' or '0uinit is smaller' in 'command failed: error: rpc error: code = notfound desc = rpc error: code = notfound desc = account init10z99cmm8fwk9gn4lelzu4y3reqehrywdpw07xd not found: key not found\nusage:\n  initiad tx bank send [from_key_or_address] [to_address] [amount] [flags]\n\nflags:\n  -a, --account-number uint      the account number of the signing account (offline mode only)\n      --aux                      generate aux signer data instead of sending a tx\n  -b, --broadcast-mode string    transaction broadcasting mode (sync|async) (default &quot;sync&quot;)\n      --chain-id string          the network chain id\n      --dry-run                  ignore the --gas flag and perform a simulation of a transaction, but don\'t broadcast it (when enabled, the local keybase is not accessible)\n      --fee-granter string       fee granter grants fees for the transaction\n      --fee-payer string         fee payer pays fees for the transaction instead of deducting from the signer\n      --fees string              fees to pay along with transaction; eg: 10uatom\n      --from string              name or address of private key with which to sign\n      --gas string               gas limit to set per-transaction; set to &quot;auto&quot; to calculate sufficient gas automatically. note: &quot;auto&quot; option doesn\'t always report accurate results. set a valid coin value to adjust the result. can be used instead of &quot;fees&quot;. (default 200000)\n      --gas-adjustment float     adjustment factor to be multiplied against the estimate returned by the tx simulation; if the gas limit is set manually this flag is ignored  (default 1)\n      --gas-prices string        gas prices in decimal format to determine the transaction fee (e.g. 0.1uatom)\n      --generate-only            build an unsigned transaction and write it to stdout (when enabled, the local keybase only accessed when providing a key name)\n  -h, --help                     help for send\n      --keyring-backend string   select keyring\'s backend (os|file|kwallet|pass|test|memory) (default &quot;os&quot;)\n      --keyring-dir string       the client keyring directory; if omitted, the default \'home\' directory will be used\n      --ledger                   use a connected ledger device\n      --node string              &lt;host&gt;:&lt;port&gt; to cometbft rpc interface for this chain (default &quot;tcp://localhost:26657&quot;)\n      --note string              note to add a description to the transaction (previously --memo)\n      --offline                  offline mode (does not allow any online functionality)\n  -o, --output string            output format (text|json) (default &quot;json&quot;)\n  -s, --sequence uint            the sequence number of the signing account (offline mode only)\n      --sign-mode string         choose sign mode (direct|amino-json|direct-aux|textual), this is an advanced feature\n      --timeout-height uint      set a block timeout height to prevent the tx from being committed past a certain height\n      --tip string               tip is the amount that is going to be transferred to the fee payer on the target chain. this flag is only valid when used with --aux, and is ignored if the target chain didn\'t enable the tipdecorator\n  -y, --yes                      skip tx broadcasting prompt confirmation\n\nglobal flags:\n      --home string         directory for config and data (default &quot;/root/.initia&quot;)\n      --log_format string   the logging format (json|plain) (default &quot;plain&quot;)\n      --log_level string    the logging level (trace|debug|info|warn|error|fatal|panic|disabled or \'*:&lt;level&gt;,&lt;key&gt;:&lt;level&gt;\') (default &quot;info&quot;)\n      --log_no_color        disable colored logs\n      --trace               print out full stack trace on errors\n\nrpc error: code = notfound desc = rpc error: code = notfound desc = account init10z99cmm8fwk9gn4lelzu4y3reqehrywdpw07xd not found: key not found\n')">tests/integration/modules/test_negative_bank.py:165: in test_send_more_than_balance
    assert "insufficient" in error_msg or "spendable balance" in error_msg or "0uinit is smaller" in error_msg
E   assert ('insufficient' in 'command failed: error: rpc error: code = notfound desc = rpc error: code = notfound desc = account init10z99cmm8fwk9gn4lelzu4y3reqehrywdpw07xd not found: key not found\nusage:\n  initiad tx bank send [from_key_or_address] [to_address] [amount] [flags]\n\nflags:\n  -a, --account-number uint      the account number of the signing account (offline mode only)\n      --aux                      generate aux signer data instead of sending a tx\n  -b, --broadcast-mode string    transaction broadcasting mode (sync|async) (default "sync")\n      --chain-id string          the network chain id\n      --dry-run                  ignore the --gas flag and perform a simulation of a transaction, but don\'t broadcast it (when enabled, the local keybase is not accessible)\n      --fee-granter string       fee granter grants fees for the transaction\n      --fee-payer string         fee payer pays fees for the transaction instead of deducting from the signer\n      --fees string              fees to pay along with transaction; eg: 10uatom\n      --from string              name or address of private key with which to sign\n      --gas string               gas limit to set per-transaction; set to "auto" to calculate sufficient gas automatically. note: "auto" option doesn\'t always report accurate results. set a valid coin value to adjust the result. can be used instead of "fees". (default 200000)\n      --gas-adjustment float     adjustment factor to be multiplied against the estimate returned by the tx simulation; if the gas limit is set manually this flag is ignored  (default 1)\n      --gas-prices string        gas prices in decimal format to determine the transaction fee (e.g. 0.1uatom)\n      --generate-only            build an unsigned transaction and write it to stdout (when enabled, the local keybase only accessed when providing a key name)\n  -h, --help                     help for send\n      --keyring-backend string   select keyring\'s backend (os|file|kwallet|pass|test|memory) (default "os")\n      --keyring-dir string       the client keyring directory; if omitted, the default \'home\' directory will be used\n      --ledger                   use a connected ledger device\n      --node string              &lt;host&gt;:&lt;port&gt; to cometbft rpc interface for this chain (default "tcp://localhost:26657")\n      --note string              note to add a description to the transaction (previously --memo)\n      --offline                  offline mode (does not allow any online functionality)\n  -o, --output string            output format (text|json) (default "json")\n  -s, --sequence uint            the sequence number of the signing account (offline mode only)\n      --sign-mode string         choose sign mode (direct|amino-json|direct-aux|textual), this is an advanced feature\n      --timeout-height uint      set a block timeout height to prevent the tx from being committed past a certain height\n      --tip string               tip is the amount that is going to be transferred to the fee payer on the target chain. this flag is only valid when used with --aux, and is ignored if the target chain didn\'t enable the tipdecorator\n  -y, --yes                      skip tx broadcasting prompt confirmation\n\nglobal flags:\n      --home string         directory for config and data (default "/root/.initia")\n      --log_format string   the logging format (json|plain) (default "plain")\n      --log_level string    the logging level (trace|debug|info|warn|error|fatal|panic|disabled or \'*:&lt;level&gt;,&lt;key&gt;:&lt;level&gt;\') (default "info")\n      --log_no_color        disable colored logs\n      --trace               print out full stack trace on errors\n\nrpc error: code = notfound desc = rpc error: code = notfound desc = account init10z99cmm8fwk9gn4lelzu4y3reqehrywdpw07xd not found: key not found\n' or 'spendable balance' in 'command failed: error: rpc error: code = notfound desc = rpc error: code = notfound desc = account init10z99cmm8fwk9gn4lelzu4y3reqehrywdpw07xd not found: key not found\nusage:\n  initiad tx bank send [from_key_or_address] [to_address] [amount] [flags]\n\nflags:\n  -a, --account-number uint      the account number of the signing account (offline mode only)\n      --aux                      generate aux signer data instead of sending a tx\n  -b, --broadcast-mode string    transaction broadcasting mode (sync|async) (default "sync")\n      --chain-id string          the network chain id\n      --dry-run                  ignore the --gas flag and perform a simulation of a transaction, but don\'t broadcast it (when enabled, the local keybase is not accessible)\n      --fee-granter string       fee granter grants fees for the transaction\n      --fee-payer string         fee payer pays fees for the transaction instead of deducting from the signer\n      --fees string              fees to pay along with transaction; eg: 10uatom\n      --from string              name or address of private key with which to sign\n      --gas string               gas limit to set per-transaction; set to "auto" to calculate sufficient gas automatically. note: "auto" option doesn\'t always report accurate results. set a valid coin value to adjust the result. can be used instead of "fees". (default 200000)\n      --gas-adjustment float     adjustment factor to be multiplied against the estimate returned by the tx simulation; if the gas limit is set manually this flag is ignored  (default 1)\n      --gas-prices string        gas prices in decimal format to determine the transaction fee (e.g. 0.1uatom)\n      --generate-only            build an unsigned transaction and write it to stdout (when enabled, the local keybase only accessed when providing a key name)\n  -h, --help                     help for send\n      --keyring-backend string   select keyring\'s backend (os|file|kwallet|pass|test|memory) (default "os")\n      --keyring-dir string       the client keyring directory; if omitted, the default \'home\' directory will be used\n      --ledger                   use a connected ledger device\n      --node string              &lt;host&gt;:&lt;port&gt; to cometbft rpc interface for this chain (default "tcp://localhost:26657")\n      --note string              note to add a description to the transaction (previously --memo)\n      --offline                  offline mode (does not allow any online functionality)\n  -o, --output string            output format (text|json) (default "json")\n  -s, --sequence uint            the sequence number of the signing account (offline mode only)\n      --sign-mode string         choose sign mode (direct|amino-json|direct-aux|textual), this is an advanced feature\n      --timeout-height uint      set a block timeout height to prevent the tx from being committed past a certain height\n      --tip string               tip is the amount that is going to be transferred to the fee payer on the target chain. this flag is only valid when used with --aux, and is ignored if the target chain didn\'t enable the tipdecorator\n  -y, --yes                      skip tx broadcasting prompt confirmation\n\nglobal flags:\n      --home string         directory for config and data (default "/root/.initia")\n      --log_format string   the logging format (json|plain) (default "plain")\n      --log_level string    the logging level (trace|debug|info|warn|error|fatal|panic|disabled or \'*:&lt;level&gt;,&lt;key&gt;:&lt;level&gt;\') (default "info")\n      --log_no_color        disable colored logs\n      --trace               print out full stack trace on errors\n\nrpc error: code = notfound desc = rpc error: code = notfound desc = account init10z99cmm8fwk9gn4lelzu4y3reqehrywdpw07xd not found: key not found\n' or '0uinit is smaller' in 'command failed: error: rpc error: code = notfound desc = rpc error: code = notfound desc = account init10z99cmm8fwk9gn4lelzu4y3reqehrywdpw07xd not found: key not found\nusage:\n  initiad tx bank send [from_key_or_address] [to_address] [amount] [flags]\n\nflags:\n  -a, --account-number uint      the account number of the signing account (offline mode only)\n      --aux                      generate aux signer data instead of sending a tx\n  -b, --broadcast-mode string    transaction broadcasting mode (sync|async) (default "sync")\n      --chain-id string          the network chain id\n      --dry-run                  ignore the --gas flag and perform a simulation of a transaction, but don\'t broadcast it (when enabled, the local keybase is not accessible)\n      --fee-granter string       fee granter grants fees for the transaction\n      --fee-payer string         fee payer pays fees for the transaction instead of deducting from the signer\n      --fees string              fees to pay along with transaction; eg: 10uatom\n      --from string              name or address of private key with which to sign\n      --gas string               gas limit to set per-transaction; set to "auto" to calculate sufficient gas automatically. note: "auto" option doesn\'t always report accurate results. set a valid coin value to adjust the result. can be used instead of "fees". (default 200000)\n      --gas-adjustment float     adjustment factor to be multiplied against the estimate returned by the tx simulation; if the gas limit is set manually this flag is ignored  (default 1)\n      --gas-prices string        gas prices in decimal format to determine the transaction fee (e.g. 0.1uatom)\n      --generate-only            build an unsigned transaction and write it to stdout (when enabled, the local keybase only accessed when providing a key name)\n  -h, --help                     help for send\n      --keyring-backend string   select keyring\'s backend (os|file|kwallet|pass|test|memory) (default "os")\n      --keyring-dir string       the client keyring directory; if omitted, the default \'home\' directory will be used\n      --ledger                   use a connected ledger device\n      --node string              &lt;host&gt;:&lt;port&gt; to cometbft rpc interface for this chain (default "tcp://localhost:26657")\n      --note string              note to add a description to the transaction (previously --memo)\n      --offline                  offline mode (does not allow any online functionality)\n  -o, --output string            output format (text|json) (default "json")\n  -s, --sequence uint            the sequence number of the signing account (offline mode only)\n      --sign-mode string         choose sign mode (direct|amino-json|direct-aux|textual), this is an advanced feature\n      --timeout-height uint      set a block timeout height to prevent the tx from being committed past a certain height\n      --tip string               tip is the amount that is going to be transferred to the fee payer on the target chain. this flag is only valid when used with --aux, and is ignored if the target chain didn\'t enable the tipdecorator\n  -y, --yes                      skip tx broadcasting prompt confirmation\n\nglobal flags:\n      --home string         directory for config and data (default "/root/.initia")\n      --log_format string   the logging format (json|plain) (default "plain")\n      --log_level string    the logging level (trace|debug|info|warn|error|fatal|panic|disabled or \'*:&lt;level&gt;,&lt;key&gt;:&lt;level&gt;\') (default "info")\n      --log_no_color        disable colored logs\n      --trace               print out full stack trace on errors\n\nrpc error: code = notfound desc = rpc error: code = notfound desc = account init10z99cmm8fwk9gn4lelzu4y3reqehrywdpw07xd not found: key not found\n')</failure></testcase><testcase classname="tests.integration.modules.test_negative_bank.TestInsufficientBalance" name="test_send_with_insufficient_fees" time="0.302" /><testcase classname="tests.integration.modules.test_negative_bank.TestInvalidAmounts" name="test_send_zero_amount" time="0.301" /><testcase classname="tests.integration.modules.test_negative_bank.TestInvalidAmounts" name="test_send_negative_amount" time="0.290" /><testcase classname="tests.integration.modules.test_negative_bank.TestInvalidAmounts" name="test_send_invalid_amount_format" time="0.298" /><testcase classname="tests.integration.modules.test_negative_bank.TestInvalidAmounts" name="test_send_amount_without_denom" time="0.351" /><testcase classname="tests.integration.modules.test_negative_bank.TestInvalidDenominations" name="test_query_nonexistent_denom" time="0.309" /><testcase classname="tests.integration.modules.test_negative_bank.TestInvalidDenominations" name="test_send_nonexistent_denom" time="0.323"><failure message="Failed: DID NOT RAISE &lt;class 'RuntimeError'&gt;">tests/integration/modules/test_negative_bank.py:232: in test_send_nonexistent_denom
    with pytest.raises(RuntimeError) as exc_info:
E   Failed: DID NOT RAISE &lt;class 'RuntimeError'&gt;</failure></testcase><testcase classname="tests.integration.modules.test_negative_bank.TestBankEdgeCases" name="test_send_to_self" time="3.949" /><testcase classname="tests.integration.modules.test_negative_bank.TestBankEdgeCases" name="test_query_balance_special_characters_denom" time="0.311" /><testcase classname="tests.integration.modules.test_negative_bank.TestBankEdgeCases" name="test_very_large_amount" time="0.341"><failure message="Failed: DID NOT RAISE &lt;class 'RuntimeError'&gt;">tests/integration/modules/test_negative_bank.py:276: in test_very_large_amount
    with pytest.raises(RuntimeError):
E   Failed: DID NOT RAISE &lt;class 'RuntimeError'&gt;</failure></testcase><testcase classname="tests.integration.modules.test_negative_common.TestChainIDValidation" name="test_wrong_chain_id" time="0.697"><failure message="Failed: DID NOT RAISE &lt;class 'RuntimeError'&gt;">tests/integration/modules/test_negative_common.py:119: in test_wrong_chain_id
    with pytest.raises(RuntimeError) as exc_info:
E   Failed: DID NOT RAISE &lt;class 'RuntimeError'&gt;</failure></testcase><testcase classname="tests.integration.modules.test_negative_common.TestChainIDValidation" name="test_empty_chain_id" time="0.297" /><testcase classname="tests.integration.modules.test_negative_common.TestGasLimits" name="test_zero_gas" time="0.323"><failure message="Failed: DID NOT RAISE &lt;class 'RuntimeError'&gt;">tests/integration/modules/test_negative_common.py:152: in test_zero_gas
    with pytest.raises(RuntimeError):
E   Failed: DID NOT RAISE &lt;class 'RuntimeError'&gt;</failure></testcase><testcase classname="tests.integration.modules.test_negative_common.TestGasLimits" name="test_very_low_gas" time="0.323"><failure message="Failed: DID NOT RAISE &lt;class 'RuntimeError'&gt;">tests/integration/modules/test_negative_common.py:165: in test_very_low_gas
    with pytest.raises(RuntimeError) as exc_info:
E   Failed: DID NOT RAISE &lt;class 'RuntimeError'&gt;</failure></testcase><testcase classname="tests.integration.modules.test_negative_common.TestGasLimits" name="test_negative_gas" time="0.322"><failure message="Failed: DID NOT RAISE &lt;class 'RuntimeError'&gt;">tests/integration/modules/test_negative_common.py:179: in test_negative_gas
    with pytest.raises(RuntimeError):
E   Failed: DID NOT RAISE &lt;class 'RuntimeError'&gt;</failure></testcase><testcase classname="tests.integration.modules.test_negative_common.TestGasLimits" name="test_invalid_gas_format" time="0.322"><failure message="Failed: DID NOT RAISE &lt;class 'RuntimeError'&gt;">tests/integration/modules/test_negative_common.py:191: in test_invalid_gas_format
    with pytest.raises(RuntimeError):
E   Failed: DID NOT RAISE &lt;class 'RuntimeError'&gt;</failure></testcase><testcase classname="tests.integration.modules.test_negative_common.TestTimeoutHeight" name="test_past_timeout_height" time="0.332"><failure message="Failed: DID NOT RAISE &lt;class 'RuntimeError'&gt;">tests/integration/modules/test_negative_common.py:210: in test_past_timeout_height
    with pytest.raises(RuntimeError) as exc_info:
[...]
E     -y, --yes                      Skip tx broadcasting prompt confirmation
E   
E   Global Flags:
E         --home string         directory for config and data (default "/root/.initia")
E         --log_format string   The logging format (json|plain) (default "plain")
E         --log_level string    The logging level (trace|debug|info|warn|error|fatal|panic|disabled or '*:&lt;level&gt;,&lt;key&gt;:&lt;level&gt;') (default "info")
E         --log_no_color        Disable colored logs
E         --trace               print out full stack trace on errors
E   
E   decoding bech32 failed: invalid separator index -1</failure></testcase><testcase classname="tests.e2e.test_token_flow.TestTokenFlow" name="test_04_verify_all_balances" time="3.254" /><testcase classname="tests.e2e.test_token_flow.TestTokenFlow" name="test_05_check_total_supply" time="2.323" /><testcase classname="tests.e2e.test_token_flow.TestTokenEdgeCases" name="test_send_zero_amount_fails" time="0.306" /><testcase classname="tests.e2e.test_token_flow.TestTokenEdgeCases" name="test_send_to_self" time="3.925" /><testcase classname="tests.integration.rest.test_rest_api.TestNodeInfo" name="test_get_node_info" time="0.009" /><testcase classname="tests.integration.rest.test_rest_api.TestNodeInfo" name="test_get_syncing_status" time="0.004" /><testcase classname="tests.integration.rest.test_rest_api.TestNodeInfo" name="test_health_check" time="0.005" /><testcase classname="tests.integration.rest.test_rest_api.TestBlocks" name="test_get_latest_block" time="0.004" /><testcase classname="tests.integration.rest.test_rest_api.TestBlocks" name="test_get_block_by_height" time="0.006" /><testcase classname="tests.integration.rest.test_rest_api.TestBlocks" name="test_get_block_one" time="0.004" /><testcase classname="tests.integration.rest.test_rest_api.TestAccounts" name="test_get_balances" time="0.308" /><testcase classname="tests.integration.rest.test_rest_api.TestAccounts" name="test_get_total_supply" time="0.004" /><testcase classname="tests.integration.rest.test_rest_api.TestValidators" name="test_get_validators" time="0.004" /><testcase classname="tests.integration.rest.test_rest_api.TestValidators" name="test_get_validator" time="0.006" /><testcase classname="tests.integration.rest.test_rest_api.TestGovernance" name="test_get_proposals" time="0.004" /><testcase classname="tests.integration.rest.test_rest_api.TestGovernance" name="test_get_proposal_if_exists" time="0.006" /><testcase classname="tests.integration.rest.test_rest_api.TestDistribution" name="test_get_rewards" time="0.004" /><testcase classname="tests.integration.rest.test_rest_api.TestRestApiIntegration" name="test_block_height_increases" time="2.007" /><testcase classname="tests.integration.rest.test_rest_api.TestRestApiIntegration" name="test_chain_id_consistent" time="0.008" /><testcase classname="tests.integration.rest.test_rest_extended.TestAuthModule" name="test_get_account_info" time="0.316" /><testcase classname="tests.integration.rest.test_rest_extended.TestAuthModule" name="test_get_account_params" time="0.004" /><testcase classname="tests.integration.rest.test_rest_extended.TestAuthModule" name="test_get_accounts_pagination" time="0.004" /><testcase classname="tests.integration.rest.test_rest_extended.TestTransactions" name="test_get_transactions_by_height" time="4.012" /><testcase classname="tests.integration.rest.test_rest_extended.TestTransactions" name="test_search_transactions_by_sender" time="4.010"><skipped type="pytest.skip" message="Transaction search by sender not supported">/home/runner/work/qa-initia-layer1/qa-initia-layer1/tests/integration/rest/test_rest_extended.py:121: Transaction search by sender not supported</skipped></testcase><testcase classname="tests.integration.rest.test_rest_extended.TestTransactions" name="test_simulate_transaction" time="0.003" /><testcase classname="tests.integration.rest.test_rest_extended.TestDelegations" name="test_get_delegations" time="0.004" /><testcase classname="tests.integration.rest.test_rest_extended.TestDelegations" name="test_get_validator_delegations" time="0.007" /><testcase classname="tests.integration.rest.test_rest_extended.TestDelegations" name="test_get_unbonding_delegations" time="0.004" /><testcase classname="tests.integration.rest.test_rest_extended.TestDelegations" name="test_get_redelegations" time="0.004" /><testcase classname="tests.integration.rest.test_rest_extended.TestDistribution" name="test_get_rewards" time="0.004" /><testcase classname="tests.integration.rest.test_rest_extended.TestDistribution" name="test_get_community_pool" time="0.004" /><testcase classname="tests.integration.rest.test_rest_extended.TestDistribution" name="test_get_distribution_params" time="0.004" /><testcase classname="tests.integration.rest.test_rest_extended.TestDistribution" name="test_get_validator_commission" time="0.003" /><testcase classname="tests.integration.rest.test_rest_extended.TestSlashing" name="test_get_slashing_params" time="0.003" /><testcase classname="tests.integration.rest.test_rest_extended.TestSlashing" name="test_get_signing_infos" time="0.004" /><testcase classname="tests.integration.rest.test_rest_extended.TestMstakingParams" name="test_get_mstaking_params" time="0.004" /><testcase classname="tests.integration.rest.test_rest_extended.TestMstakingParams" name="test_get_pool_info" time="0.004" /><testcase classname="tests.integration.rest.test_rest_extended.TestErrorHandling" name="test_invalid_address" time="4.009" /><testcase classname="tests.integration.rest.test_rest_extended.TestErrorHandling" name="test_nonexistent_block" time="4.009" /><testcase classname="tests.integration.rest.test_rest_extended.TestErrorHandling" name="test_invalid_validator" time="4.010" /><testcase classname="tests.integration.rest.test_rest_extended.TestErrorHandling" name="test_nonexistent_proposal" time="4.010" /><testcase classname="tests.integration.rest.test_rest_extended.TestPagination" name="test_validators_pagination" time="0.004" /><testcase classname="tests.integration.rest.test_rest_extended.TestPagination" name="test_balances_pagination" time="0.004" /><testcase classname="tests.integration.rest.test_rest_extended.TestPerformance" name="test_multiple_concurrent_requests" time="0.029" /><testcase classname="tests.integration.grpc.test_grpc.TestGrpcConnection" name="test_connection" time="0.102" /><testcase classname="tests.integration.grpc.test_grpc.TestGrpcConnection" name="test_health_check" time="0.011" /><testcase classname="tests.integration.grpc.test_grpc.TestBankQueries" name="test_query_balance" time="0.328" /><testcase classname="tests.integration.grpc.test_grpc.TestBankQueries" name="test_query_all_balances" time="0.019" /><testcase classname="tests.integration.grpc.test_grpc.TestBankQueries" name="test_query_total_supply" time="0.020" /><testcase classname="tests.integration.grpc.test_grpc.TestValidatorQueries" name="test_query_validators" time="0.050" /><testcase classname="tests.integration.grpc.test_grpc.TestValidatorQueries" name="test_query_validator" time="0.044" /><testcase classname="tests.integration.grpc.test_grpc.TestAccountQueries" name="test_query_account" time="0.020" /><testcase classname="tests.integration.grpc.test_grpc.TestGrpcIntegration" name="test_balance_consistency" time="0.038" /><testcase classname="tests.integration.grpc.test_grpc.TestGrpcIntegration" name="test_validator_status" time="0.021" /><testcase classname="tests.integration.grpc.test_grpc_extended.TestBlockQueries" name="test_query_latest_block" time="0.028" /><testcase classname="tests.integration.grpc.test_grpc_extended.TestBlockQueries" name="test_query_block_by_height" time="0.052" /><testcase classname="tests.integration.grpc.test_grpc_extended.TestBlockQueries" name="test_query_genesis_block" time="0.027" /><testcase classname="tests.integration.grpc.test_grpc_extended.TestBlockQueries" name="test_get_node_info" time="0.029" /><testcase classname="tests.integration.grpc.test_grpc_extended.TestDelegationQueries" name="test_query_delegations" time="0.329" /><testcase classname="tests.integration.grpc.test_grpc_extended.TestDelegationQueries" name="test_query_delegation_specific" time="0.040" /><testcase classname="tests.integration.grpc.test_grpc_extended.TestDelegationQueries" name="test_query_unbonding_delegations" time="0.020" /><testcase classname="tests.integration.grpc.test_grpc_extended.TestDistributionQueries" name="test_query_rewards" time="0.019" /><testcase classname="tests.integration.grpc.test_grpc_extended.TestDistributionQueries" name="test_query_community_pool" time="0.020" /><testcase classname="tests.integration.grpc.test_grpc_extended.TestDistributionQueries" name="test_query_distribution_params" time="0.020" /><testcase classname="tests.integration.grpc.test_grpc_extended.TestGovernanceQueries" name="test_query_proposals" time="0.019" /><testcase classname="tests.integration.grpc.test_grpc_extended.TestGovernanceQueries" name="test_query_gov_params" time="0.019" /><testcase classname="tests.integration.grpc.test_grpc_extended.TestModuleParams" name="test_query_bank_params" time="0.020" /><testcase classname="tests.integration.grpc.test_grpc_extended.TestModuleParams" name="test_query_mstaking_params" time="0.019" /><testcase classname="tests.integration.grpc.test_grpc_extended.TestModuleParams" name="test_query_slashing_params" time="0.018" /><testcase classname="tests.integration.grpc.test_grpc_extended.TestModuleParams" name="test_query_auth_params" time="0.019" /><testcase classname="tests.integration.grpc.test_grpc_extended.TestSupplyQueries" name="test_query_total_supply" time="0.041" /><testcase classname="tests.integration.grpc.test_grpc_extended.TestSupplyQueries" name="test_query_supply_of_denom" time="0.025" /><testcase classname="tests.integration.grpc.test_grpc_extended.TestSupplyQueries" name="test_query_denom_metadata" time="0.020" /><testcase classname="tests.integration.grpc.test_grpc_extended.TestServiceDiscovery" name="test_list_services" time="0.012" /><testcase classname="tests.integration.grpc.test_grpc_extended.TestServiceDiscovery" name="test_has_initia_services" time="0.011" /><testcase classname="tests.integration.grpc.test_grpc_extended.TestGrpcErrorHandling" name="test_invalid_address_query" time="4.067" /><testcase classname="tests.integration.grpc.test_grpc_extended.TestGrpcErrorHandling" name="test_invalid_denom_query" time="0.032" /><testcase classname="tests.integration.grpc.test_grpc_extended.TestGrpcErrorHandling" name="test_invalid_block_height" time="4.081" /><testcase classname="tests.integration.grpc.test_grpc_extended.TestGrpcIntegrationExtended" name="test_block_data_consistency" time="0.106" /><testcase classname="tests.integration.grpc.test_grpc_extended.TestGrpcIntegrationExtended" name="test_balance_matches_all_balances" time="0.037" /><testcase classname="tests.bdd.test_account_funding" name="test_fund_a_new_test_account_from_genesis" time="3.910" /><testcase classname="tests.bdd.test_account_funding" name="test_fund_multiple_test_accounts" time="10.286" /><testcase classname="tests.bdd.test_account_funding" name="test_verify_genesis_account_has_sufficient_funds" time="0.610" /><testcase classname="tests.bdd.test_account_funding" name="test_fund_account_with_custom_amount" time="3.659" /><testcase classname="tests.bdd.test_account_funding" name="test_batch_fund_multiple_accounts_with_different_amounts" time="10.167" /><testcase classname="tests.bdd.test_grpc" name="test_establish_grpc_connection" time="0.026" /><testcase classname="tests.bdd.test_grpc" name="test_perform_grpc_health_check" time="0.014" /><testcase classname="tests.bdd.test_grpc" name="test_configure_custom_timeout" time="0.015" /><testcase classname="tests.bdd.test_grpc" name="test_use_grpc_client_as_context_manager" time="0.014" /><testcase classname="tests.bdd.test_grpc" name="test_close_grpc_connection" time="0.016" /><testcase classname="tests.bdd.test_grpc" name="test_connect_to_invalid_host" time="0.017" /><testcase classname="tests.bdd.test_grpc" name="test_handle_connection_timeout" time="0.004" /><testcase classname="tests.bdd.test_grpc" name="test_verify_channel_connectivity_states" time="0.022" /><testcase classname="tests.bdd.test_grpc" name="test_query_account_balance_via_grpc" time="0.651" /><testcase classname="tests.bdd.test_grpc" name="test_query_all_validators_via_grpc" time="0.027" /><testcase classname="tests.bdd.test_grpc" name="test_query_specific_validator_via_grpc" time="0.328" /><testcase classname="tests.bdd.test_grpc" name="test_query_delegations_via_grpc" time="5.915" /><testcase classname="tests.bdd.test_grpc" name="test_query_latest_block_via_grpc" time="0.034" /><testcase classname="tests.bdd.test_grpc" name="test_query_transaction_by_hash_via_grpc" time="6.302" /><testcase classname="tests.bdd.test_grpc" name="test_handle_large_message_sizes" time="0.005" /><testcase classname="tests.bdd.test_rest_api" name="test_get_node_information" time="0.014" /><testcase classname="tests.bdd.test_rest_api" name="test_check_node_syncing_status" time="0.010" /><testcase classname="tests.bdd.test_rest_api" name="test_perform_health_check" time="0.012" /><testcase classname="tests.bdd.test_rest_api" name="test_get_latest_block" time="2.019" /><testcase classname="tests.bdd.test_rest_api" name="test_get_block_by_specific_height" time="2.028" /><testcase classname="tests.bdd.test_rest_api" name="test_verify_block_progression" time="7.034" /><testcase classname="tests.bdd.test_rest_api" name="test_query_block_with_invalid_height" time="6.024" /><testcase classname="tests.bdd.test_staking" name="test_delegate_tokens_to_a_validator" time="5.941" /><testcase classname="tests.bdd.test_staking" name="test_undelegate_tokens_from_a_validator" time="8.277" /><testcase classname="tests.bdd.test_staking" name="test_query_validator_information" time="0.630" /><testcase classname="tests.bdd.test_staking" name="test_query_delegations_for_new_account" time="0.925" /><testcase classname="tests.bdd.test_staking" name="test_fail_to_delegate_with_insufficient_balance" time="3.954" /><testcase classname="tests.bdd.test_token_transfer" name="test_successfully_transfer_tokens_between_accounts" time="9.240" /><testcase classname="tests.bdd.test_token_transfer" name="test_fail_to_transfer_with_insufficient_balance" time="7.238" /><testcase classname="tests.bdd.test_token_transfer" name="test_transfer_with_insufficient_fee" time="7.278" /><testcase classname="tests.bdd.test_token_transfer" name="test_transfer_different_token_amounts[20000-1000-5000-14000]" time="9.324" /><testcase classname="tests.bdd.test_token_transfer" name="test_transfer_different_token_amounts[50000-25000-5000-20000]" time="9.273" /><testcase classname="tests.bdd.test_token_transfer" name="test_transfer_different_token_amounts[15000-1000-5000-9000]" time="9.264" /><testcase classname="tests.regression.v1_3_1.test_pr469_move_events.TestPR469MoveEvents" name="test_version_info" time="0.323" /><testcase classname="tests.regression.v1_3_1.test_pr469_move_events.TestPR469MoveEvents" name="test_move_params_query" time="0.316" /><testcase classname="tests.regression.v1_3_1.test_pr469_move_events.TestPR469MoveEvents" name="test_event_attribute_structure" time="3.979" /><testcase classname="tests.regression.v1_3_1.test_pr469_move_events.TestPR469MoveEvents" name="test_event_type_tag_present" time="0.002" /><testcase classname="tests.regression.v1_3_1.test_pr469_move_events.TestEventFormatVerification" name="test_regression_metadata" time="0.001" /><testcase classname="tests.regression.v1_3_1.test_pr469_move_events.TestEventFormatVerification" name="test_scalar_value_types" time="0.303" /><testcase classname="tests.regression.v1_3_1.test_pr471_dispatchable_behavior.TestPR471DispatchableBehavior" name="test_dispatchable_ibc_transfer_no_bug_error" time="11.929" /><testcase classname="tests.regression.v1_3_1.test_pr471_dispatchable_behavior.TestPR471FallbackValidation" name="test_native_token_no_dispatchable_error" time="0.602" /><testcase classname="tests.regression.v1_3_1.test_pr471_dispatchable_behavior.TestPR471VersionAwareBehavior" name="test_version_behavior_matches_bug_status" time="0.002"><failure message="Failed: &#10;======================================================================&#10;  REGRESSION DETECTED: PR #471 bug exists in v1.2.3&#10;======================================================================&#10;&#10;  Bug: IBC ante handler runs dispatchable check during CheckTx&#10;       without AllowDispatchableContextKey, causing IBC operations&#10;       with dispatchable tokens to fail.&#10;&#10;  Error: 'dispatchable fungible asset is not allowed'&#10;&#10;  Affected versions: v1.2.0, v1.2.1, v1.2.2, v1.2.3&#10;  Fixed in: v1.3.1&#10;&#10;  Action: Upgrade to v1.3.1 or later&#10;======================================================================">tests/regression/v1_3_1/test_pr471_dispatchable_behavior.py:353: in test_version_behavior_matches_bug_status
    pytest.fail(
E   Failed: 
E   ======================================================================
E     REGRESSION DETECTED: PR #471 bug exists in v1.2.3
E   ======================================================================
E   
E     Bug: IBC ante handler runs dispatchable check during CheckTx
E          without AllowDispatchableContextKey, causing IBC operations
E          with dispatchable tokens to fail.
E   
E     Error: 'dispatchable fungible asset is not allowed'
E   
E     Affected versions: v1.2.0, v1.2.1, v1.2.2, v1.2.3
E     Fixed in: v1.3.1
E   
E     Action: Upgrade to v1.3.1 or later
E   ======================================================================</failure></testcase><testcase classname="tests.regression.v1_3_1.test_pr471_ibc_dispatchable.TestPR471DispatchableCheckTx" name="test_version_and_modules_accessible" time="1.567" /><testcase classname="tests.regression.v1_3_1.test_pr471_ibc_dispatchable.TestPR471DispatchableCheckTx" name="test_ibc_transfer_with_native_token_passes_checktx" time="0.605" /><testcase classname="tests.regression.v1_3_1.test_pr471_ibc_dispatchable.TestPR471DispatchableCheckTx" name="test_dispatchable_error_signature_not_present" time="0.621" /><testcase classname="tests.regression.v1_3_1.test_pr471_ibc_dispatchable.TestPR471DispatchableCheckTx" name="test_bank_send_works_normally" time="0.617" /><testcase classname="tests.regression.v1_3_1.test_pr471_ibc_dispatchable.TestPR471DispatchableCheckTx" name="test_version_has_expected_bug_status" time="0.002"><failure message="Failed: Version v1.2.3 is affected by PR#471 bug. Dispatchable check in CheckTx will fail for IBC operations. Upgrade to v1.3.1 or later to fix this issue.">tests/regression/v1_3_1/test_pr471_ibc_dispatchable.py:448: in test_version_has_expected_bug_status
    pytest.fail(
E   Failed: Version v1.2.3 is affected by PR#471 bug. Dispatchable check in CheckTx will fail for IBC operations. Upgrade to v1.3.1 or later to fix this issue.</failure></testcase><testcase classname="tests.regression.v1_3_1.test_pr471_ibc_dispatchable.TestPR471Verification" name="test_regression_metadata_complete" time="0.001" /><testcase classname="tests.regression.v1_3_1.test_pr471_ibc_dispatchable.TestPR471Verification" name="test_error_signature_defined" time="0.001" /><testcase classname="tests.regression.v1_3_1.test_pr471_ibc_dispatchable.TestPR471Advanced" name="test_dispatchable_token_ibc_transfer" time="0.002"><failure message="Failed: Dispatchable token module binary not found - test cannot run">tests/regression/v1_3_1/test_pr471_ibc_dispatchable.py:510: in test_dispatchable_token_ibc_transfer
    pytest.fail("Dispatchable token module binary not found - test cannot run")
E   Failed: Dispatchable token module binary not found - test cannot run</failure></testcase></testsuite></testsuites>